src/Distributions/BernoulliExpNeg/Correctness.dfy(14,17): Correctness: Declaration has explicit `{:axiom}` attribute. 
src/Distributions/BernoulliExpNeg/Correctness.dfy(18,17): SampleIsIndepFn: Declaration has explicit `{:axiom}` attribute. 
src/Distributions/BernoulliExpNeg/Implementation.dfy(35,6): BernoulliExpNegSample: Definition has `assume {:axiom}` statement in body. 
src/Distributions/BernoulliExpNeg/Implementation.dfy(53,6): BernoulliExpNegSampleCaseLe1: Definition has `assume {:axiom}` statement in body. 
src/Distributions/Coin/Interface.dfy(21,6): CoinSample: Definition has `assume {:axiom}` statement in body. 
src/Distributions/Uniform/Implementation.dfy(44,6): UniformSample: Definition has `assume {:axiom}` statement in body. 
src/Math/Exponential.dfy(11,17): EvalOne: Declaration has explicit `{:axiom}` attribute. 
src/Math/Exponential.dfy(2,26): Exp: Declaration has explicit `{:axiom}` attribute. 
src/Math/Exponential.dfy(4,17): FunctionalEquation: Declaration has explicit `{:axiom}` attribute. 
src/Math/Exponential.dfy(7,17): Increasing: Declaration has explicit `{:axiom}` attribute. 
src/Math/MeasureTheory.dfy(164,17): CountableSumOfZeroesIsZero: Declaration has explicit `{:axiom}` attribute. 
src/Math/MeasureTheory.dfy(27,4): CountableSum: Definition has `assume {:axiom}` statement in body. 
src/ProbabilisticProgramming/Independence.dfy(34,27): IsIndepFn: Declaration has explicit `{:axiom}` attribute. 
src/ProbabilisticProgramming/Independence.dfy(40,17): IsIndepFnImpliesFstMeasurableBool: Declaration has explicit `{:axiom}` attribute. 
src/ProbabilisticProgramming/Independence.dfy(44,17): IsIndepFnImpliesFstMeasurableNat: Declaration has explicit `{:axiom}` attribute. 
src/ProbabilisticProgramming/Independence.dfy(48,17): IsIndepFnImpliesSndMeasurable: Declaration has explicit `{:axiom}` attribute. 
src/ProbabilisticProgramming/Independence.dfy(52,17): IsIndepFnImpliesIsIndepFunction: Declaration has explicit `{:axiom}` attribute. 
src/ProbabilisticProgramming/Independence.dfy(57,17): DeconstructIsIndepFn: Declaration has explicit `{:axiom}` attribute. 
src/ProbabilisticProgramming/Independence.dfy(61,17): ReturnIsIndepFn: Declaration has explicit `{:axiom}` attribute. 
src/ProbabilisticProgramming/Independence.dfy(65,17): IndepFnIsCompositional: Declaration has explicit `{:axiom}` attribute. 
src/ProbabilisticProgramming/Monad.dfy(195,17): TailIsRNG: Declaration has explicit `{:axiom}` attribute. 
src/ProbabilisticProgramming/Monad.dfy(199,17): HeadIsMeasurable: Declaration has explicit `{:axiom}` attribute. 
src/ProbabilisticProgramming/Monad.dfy(206,17): MeasureHeadDrop: Declaration has explicit `{:axiom}` attribute. 
src/ProbabilisticProgramming/Monad.dfy(212,17): TailIsMeasurePreserving: Declaration has explicit `{:axiom}` attribute. 
src/ProbabilisticProgramming/RandomNumberGenerator.dfy(14,21): IsRNG: Declaration has explicit `{:axiom}` attribute. 
src/ProbabilisticProgramming/RandomNumberGenerator.dfy(36,17): RNGHasMeasure: Declaration has explicit `{:axiom}` attribute. 
src/ProbabilisticProgramming/WhileAndUntil.dfy(117,17): ProbWhileUnroll: Declaration has explicit `{:axiom}` attribute. 
src/ProbabilisticProgramming/WhileAndUntil.dfy(143,17): EnsureProbWhileTerminatesAlmostSurely: Declaration has explicit `{:axiom}` attribute. 
src/ProbabilisticProgramming/WhileAndUntil.dfy(149,17): ProbUntilProbabilityFraction: Declaration has explicit `{:axiom}` attribute. 
src/ProbabilisticProgramming/WhileAndUntil.dfy(161,17): ProbUntilAsBind: Declaration has explicit `{:axiom}` attribute. 
src/ProbabilisticProgramming/WhileAndUntil.dfy(175,4): EnsureProbUntilTerminatesAndForAll: Definition has `assume {:axiom}` statement in body. 
src/ProbabilisticProgramming/WhileAndUntil.dfy(185,8): ProbWhileIsIndepFn: Definition has `assume {:axiom}` statement in body. 
